<?xml version="1.0" encoding="UTF-8"?>
<!-- Generated by org.testng.reporters.JUnitReportReporter -->
<testsuite hostname="Mandvi" failures="0" tests="1" name="Tests.Tests_POST" time="2.288" errors="0" timestamp="2024-10-31T15:55:56 IST" skipped="0">
  <testcase classname="Tests.Tests_POST" name="test_POST" time="2.288"/>
  <system-out/>
</testsuite> <!-- Tests.Tests_POST -->
