<?xml version="1.0" encoding="UTF-8"?>
<!-- Generated by org.testng.reporters.JUnitReportReporter -->
<testsuite hostname="Mandvi" failures="0" tests="1" name="Tests.Tests_DELETE" time="3.625" errors="0" timestamp="2024-10-31T16:10:48 IST" skipped="0">
  <testcase classname="Tests.Tests_DELETE" name="test_Delete" time="3.625"/>
  <system-out/>
</testsuite> <!-- Tests.Tests_DELETE -->
