<?xml version="1.0" encoding="UTF-8"?>
<!-- Generated by org.testng.reporters.JUnitReportReporter -->
<testsuite hostname="Mandvi" failures="0" tests="2" name="Tests.TestNGDependsOnMethodsTest" time="0.015" errors="0" timestamp="2025-01-12T21:37:34 IST" skipped="0">
  <testcase classname="Tests.TestNGDependsOnMethodsTest" name="testOne" time="0.002"/>
  <testcase classname="Tests.TestNGDependsOnMethodsTest" name="testTwo" time="0.013"/>
</testsuite> <!-- Tests.TestNGDependsOnMethodsTest -->
