<?xml version="1.0" encoding="UTF-8"?>
<!-- Generated by org.testng.reporters.JUnitReportReporter -->
<testsuite hostname="Mandvi" failures="0" tests="2" name="Tests.TestngExpectedExceptionTest" time="0.030" errors="0" timestamp="2025-01-21T19:41:28 IST" skipped="1">
  <testcase classname="Tests.TestngExpectedExceptionTest" name="testSkipException" time="0.005">
    <skipped/>
  </testcase> <!-- testSkipException -->
  <testcase classname="Tests.TestngExpectedExceptionTest" name="testExpectedException" time="0.025"/>
</testsuite> <!-- Tests.TestngExpectedExceptionTest -->
