<?xml version="1.0" encoding="UTF-8"?>
<!-- Generated by org.testng.reporters.JUnitReportReporter -->
<testsuite hostname="Mandvi" failures="0" tests="1" name="Tests.ClassTwo" time="0.025" errors="0" timestamp="2025-01-21T20:21:45 IST" skipped="0">
  <testcase classname="Tests.ClassTwo" name="testClassTwo" time="0.025"/>
</testsuite> <!-- Tests.ClassTwo -->
