<?xml version="1.0" encoding="UTF-8"?>
<!-- Generated by org.testng.reporters.JUnitReportReporter -->
<testsuite hostname="Mandvi" failures="0" tests="3" name="Tests.Test01_GET" time="3.110" errors="0" timestamp="2024-10-31T12:55:36 IST" skipped="0">
  <testcase classname="Tests.Test01_GET" name="Test03_with_Array_Value_GET" time="1.038"/>
  <system-out/>
  <testcase classname="Tests.Test01_GET" name="test_GET" time="0.105"/>
  <system-out/>
  <testcase classname="Tests.Test01_GET" name="Test02_with_Status_code_GET" time="1.967"/>
  <system-out/>
</testsuite> <!-- Tests.Test01_GET -->
