<?xml version="1.0" encoding="UTF-8"?>
<!-- Generated by org.testng.reporters.JUnitReportReporter -->
<testsuite hostname="Mandvi" failures="0" tests="2" name="Tests.TestNGAnnotationTest" time="0.014" errors="0" timestamp="2025-01-12T22:05:45 IST" skipped="0">
  <testcase classname="Tests.TestNGAnnotationTest" name="testCase2" time="0.002"/>
  <testcase classname="Tests.TestNGAnnotationTest" name="testCase1" time="0.012"/>
</testsuite> <!-- Tests.TestNGAnnotationTest -->
