<?xml version="1.0" encoding="UTF-8"?>
<!-- Generated by org.testng.reporters.JUnitReportReporter -->
<testsuite hostname="Mandvi" failures="0" tests="2" name="Tests.TestNGSkipExceptionTest" time="0.013" errors="0" timestamp="2025-01-12T21:31:45 IST" skipped="1">
  <testcase classname="Tests.TestNGSkipExceptionTest" name="nonSkipTest" time="0.010"/>
  <testcase classname="Tests.TestNGSkipExceptionTest" name="skipTest" time="0.003">
    <skipped/>
  </testcase> <!-- skipTest -->
</testsuite> <!-- Tests.TestNGSkipExceptionTest -->
