<?xml version="1.0" encoding="UTF-8"?>
<!-- Generated by org.testng.reporters.JUnitReportReporter -->
<testsuite hostname="Mandvi" failures="0" tests="2" name="Tests.TestNGMethodsParallelExecution" time="12.498" errors="0" timestamp="2025-01-12T21:28:42 IST" skipped="1">
  <testcase classname="Tests.TestNGMethodsParallelExecution" name="runOnFirefox" time="12.498"/>
  <testcase classname="Tests.TestNGMethodsParallelExecution" name="runOnChrome">
    <skipped/>
  </testcase> <!-- runOnChrome -->
</testsuite> <!-- Tests.TestNGMethodsParallelExecution -->
