<?xml version="1.0" encoding="UTF-8"?>
<!-- Generated by org.testng.reporters.JUnitReportReporter -->
<testsuite hostname="Mandvi" failures="0" tests="2" name="Tests.TestNGDependsOnGroupsTest" time="0.023" errors="0" timestamp="2025-01-12T21:45:13 IST" skipped="0">
  <testcase classname="Tests.TestNGDependsOnGroupsTest" name="testOne" time="0.003"/>
  <testcase classname="Tests.TestNGDependsOnGroupsTest" name="testTwo" time="0.020"/>
</testsuite> <!-- Tests.TestNGDependsOnGroupsTest -->
