<?xml version="1.0" encoding="UTF-8"?>
<!-- Generated by org.testng.reporters.JUnitReportReporter -->
<testsuite hostname="Mandvi" failures="0" tests="2" name="Tests.TestNGInvocationCountTest" time="0.054" errors="0" timestamp="2025-01-12T21:54:17 IST" skipped="0">
  <testcase classname="Tests.TestNGInvocationCountTest" name="runTestSetTimesInInvocation" time="0.026"/>
  <testcase classname="Tests.TestNGInvocationCountTest" name="runTestSetTimesInInvocation" time="0.028"/>
</testsuite> <!-- Tests.TestNGInvocationCountTest -->
