<?xml version="1.0" encoding="UTF-8"?>
<!-- Generated by org.testng.reporters.JUnitReportReporter -->
<testsuite hostname="Mandvi" failures="0" tests="2" name="Tests.ClassOne" time="0.025" errors="0" timestamp="2025-01-21T20:29:38 IST" skipped="0">
  <testcase classname="Tests.ClassOne" name="testCase3" time="0.003"/>
  <testcase classname="Tests.ClassOne" name="testCase3" time="0.022"/>
</testsuite> <!-- Tests.ClassOne -->
