<?xml version="1.0" encoding="UTF-8"?>
<!-- Generated by org.testng.reporters.JUnitReportReporter -->
<testsuite hostname="Mandvi" failures="0" tests="3" name="Tests.TestNGException" time="0.007" errors="0" timestamp="2025-01-12T21:14:48 IST" skipped="0">
  <testcase classname="Tests.TestNGException" name="testException" time="0.002"/>
  <testcase classname="Tests.TestNGException" name="testB" time="0.003"/>
  <testcase classname="Tests.TestNGException" name="testA" time="0.002"/>
</testsuite> <!-- Tests.TestNGException -->
