<?xml version="1.0" encoding="UTF-8"?>
<!-- Generated by org.testng.reporters.JUnitReportReporter -->
<testsuite hostname="Mandvi" failures="0" tests="1" name="Tests.testngParameterTest" time="8.442" errors="0" timestamp="2025-01-21T19:41:12 IST" skipped="0">
  <testcase classname="Tests.testngParameterTest" name="testParameter" time="8.442"/>
</testsuite> <!-- Tests.testngParameterTest -->
