<?xml version="1.0" encoding="UTF-8"?>
<!-- Generated by org.testng.reporters.JUnitReportReporter -->
<testsuite hostname="Mandvi" failures="0" tests="1" name="Tests.TestOnFirefox" time="21.658" errors="0" timestamp="2025-01-21T20:13:58 IST" skipped="0">
  <testcase classname="Tests.TestOnFirefox" name="testOnFirefox" time="21.658"/>
</testsuite> <!-- Tests.TestOnFirefox -->
