<?xml version="1.0" encoding="UTF-8"?>
<!-- Generated by org.testng.reporters.JUnitReportReporter -->
<testsuite hostname="Mandvi" failures="0" tests="1" name="Tests.TestPrepOne" time="1.368" errors="0" timestamp="2025-01-21T15:29:13 IST" skipped="0">
  <testcase classname="Tests.TestPrepOne" name="testOne" time="1.368"/>
</testsuite> <!-- Tests.TestPrepOne -->
