<?xml version="1.0" encoding="UTF-8"?>
<!-- Generated by org.testng.reporters.JUnitReportReporter -->
<testsuite hostname="Mandvi" failures="0" tests="1" name="Tests.TestNGParameterizedTest" time="27.029" errors="0" timestamp="2025-01-12T16:28:43 IST" skipped="0">
  <testcase classname="Tests.TestNGParameterizedTest" name="parameterizedTest" time="27.029"/>
</testsuite> <!-- Tests.TestNGParameterizedTest -->
