<?xml version="1.0" encoding="UTF-8"?>
<!-- Generated by org.testng.reporters.JUnitReportReporter -->
<testsuite hostname="Mandvi" failures="0" tests="2" name="Tests.TesngDataProviderTest" time="0.023" errors="0" timestamp="2025-01-21T19:58:30 IST" skipped="0">
  <testcase classname="Tests.TesngDataProviderTest" name="getData" time="0.004"/>
  <testcase classname="Tests.TesngDataProviderTest" name="getData" time="0.019"/>
</testsuite> <!-- Tests.TesngDataProviderTest -->
