<?xml version="1.0" encoding="UTF-8"?>
<!-- Generated by org.testng.reporters.JUnitReportReporter -->
<testsuite hostname="Mandvi" failures="0" tests="3" name="Tests.TestGroups" time="0.030" errors="0" timestamp="2025-01-21T19:08:23 IST" skipped="0">
  <testcase classname="Tests.TestGroups" name="testSmoke" time="0.003"/>
  <testcase classname="Tests.TestGroups" name="testSanity" time="0.015"/>
  <testcase classname="Tests.TestGroups" name="testSmokeAndRegression" time="0.012"/>
</testsuite> <!-- Tests.TestGroups -->
