<?xml version="1.0" encoding="UTF-8"?>
<!-- Generated by org.testng.reporters.JUnitReportReporter -->
<testsuite hostname="Mandvi" failures="0" tests="2" name="Tests.TestngParallelTest" time="0.038" errors="0" timestamp="2025-01-21T20:11:11 IST" skipped="0">
  <testcase classname="Tests.TestngParallelTest" name="testMethodTwo" time="0.019"/>
  <testcase classname="Tests.TestngParallelTest" name="testMethodOne" time="0.019"/>
</testsuite> <!-- Tests.TestngParallelTest -->
