<?xml version="1.0" encoding="UTF-8"?>
<!-- Generated by org.testng.reporters.JUnitReportReporter -->
<testsuite hostname="Mandvi" failures="0" tests="1" name="Tests.Tests_PUT" time="2.271" errors="0" timestamp="2024-10-31T15:59:19 IST" skipped="0">
  <testcase classname="Tests.Tests_PUT" name="test_PUT" time="2.271"/>
  <system-out/>
</testsuite> <!-- Tests.Tests_PUT -->
