<?xml version="1.0" encoding="UTF-8"?>
<!-- Generated by org.testng.reporters.JUnitReportReporter -->
<testsuite hostname="Mandvi" failures="0" tests="1" name="Tests.DatProviderTest" time="3.895" errors="0" timestamp="2025-01-12T21:14:48 IST" skipped="0">
  <testcase classname="Tests.DatProviderTest" name="loginTest" time="3.895"/>
</testsuite> <!-- Tests.DatProviderTest -->
